Added Component: Designator=A4988(A4988)
Add component. Clean all parameters for all variants
Add component (AddParameter): Name = "DeviceName"; Value = ""; VariantName = "[No Variations]"
Add component (AddParameter): Name = "DeviceSetName"; Value = "A4988"; VariantName = "[No Variations]"
Add component (AddParameter): Name = "GateName_1"; Value = "G$1"; VariantName = "[No Variations]"
Add component (AddParameter): Name = "LibraryName"; Value = "a4988_stepDriver"; VariantName = "[No Variations]"
Add component (AddParameter): Name = "SymbolName_1"; Value = "A4988"; VariantName = "[No Variations]"
Added Component: Designator=CUR_DRIVE_INPUT(SAMTEC SSW-102-03-T-S)
Add component. Clean all parameters for all variants
Add component (AddParameter): Name = "DATASHEET"; Value = "https://drawings-pdf.s3.amazonaws.com/10492.pdf"; VariantName = "[No Variations]"
Add component (AddParameter): Name = "DeviceName"; Value = "_PTH_VERT_FEMALE_2.54MM"; VariantName = "[No Variations]"
Add component (AddParameter): Name = "DeviceSetName"; Value = "1X02"; VariantName = "[No Variations]"
Add component (AddParameter): Name = "DIST"; Value = "Digikey"; VariantName = "[No Variations]"
Add component (AddParameter): Name = "DISTLINK"; Value = "https://www.digikey.com/products/en?keywords=PPTC021LFBN-RC"; VariantName = "[No Variations]"
Add component (AddParameter): Name = "DISTPN"; Value = "S7000-ND"; VariantName = "[No Variations]"
Add component (AddParameter): Name = "GateName_1"; Value = "G$1"; VariantName = "[No Variations]"
Add component (AddParameter): Name = "LibraryName"; Value = "PiB_connectors"; VariantName = "[No Variations]"
Add component (AddParameter): Name = "MFR"; Value = "Sullins Connector Solutions"; VariantName = "[No Variations]"
Add component (AddParameter): Name = "MPN"; Value = "PPTC021LFBN-RC"; VariantName = "[No Variations]"
Add component (AddParameter): Name = "Supplier 1"; Value = "Digi-Key"; VariantName = "[No Variations]"
Add component (AddParameter): Name = "Supplier Part Number 1"; Value = "S7000-ND"; VariantName = "[No Variations]"
Add component (AddParameter): Name = "SymbolName_1"; Value = "1X02"; VariantName = "[No Variations]"
Added Component: Designator=CUR_DRIVE_OUTPUT(SAMTEC SSW-102-03-T-S)
Add component. Clean all parameters for all variants
Add component (AddParameter): Name = "DATASHEET"; Value = "https://drawings-pdf.s3.amazonaws.com/10492.pdf"; VariantName = "[No Variations]"
Add component (AddParameter): Name = "DeviceName"; Value = "_PTH_VERT_FEMALE_2.54MM"; VariantName = "[No Variations]"
Add component (AddParameter): Name = "DeviceSetName"; Value = "1X02"; VariantName = "[No Variations]"
Add component (AddParameter): Name = "DIST"; Value = "Digikey"; VariantName = "[No Variations]"
Add component (AddParameter): Name = "DISTLINK"; Value = "https://www.digikey.com/products/en?keywords=PPTC021LFBN-RC"; VariantName = "[No Variations]"
Add component (AddParameter): Name = "DISTPN"; Value = "S7000-ND"; VariantName = "[No Variations]"
Add component (AddParameter): Name = "GateName_1"; Value = "G$1"; VariantName = "[No Variations]"
Add component (AddParameter): Name = "LibraryName"; Value = "PiB_connectors"; VariantName = "[No Variations]"
Add component (AddParameter): Name = "MFR"; Value = "Sullins Connector Solutions"; VariantName = "[No Variations]"
Add component (AddParameter): Name = "MPN"; Value = "PPTC021LFBN-RC"; VariantName = "[No Variations]"
Add component (AddParameter): Name = "SymbolName_1"; Value = "1X02"; VariantName = "[No Variations]"
Added Component: Designator=FOCUS_LED(SAMTEC SSW-102-03-T-S)
Add component. Clean all parameters for all variants
Add component (AddParameter): Name = "DATASHEET"; Value = "https://drawings-pdf.s3.amazonaws.com/10492.pdf"; VariantName = "[No Variations]"
Add component (AddParameter): Name = "DeviceName"; Value = "_PTH_VERT_FEMALE_2.54MM"; VariantName = "[No Variations]"
Add component (AddParameter): Name = "DeviceSetName"; Value = "1X02"; VariantName = "[No Variations]"
Add component (AddParameter): Name = "DIST"; Value = "Digikey"; VariantName = "[No Variations]"
Add component (AddParameter): Name = "DISTLINK"; Value = "https://www.digikey.com/products/en?keywords=PPTC021LFBN-RC"; VariantName = "[No Variations]"
Add component (AddParameter): Name = "DISTPN"; Value = "S7000-ND"; VariantName = "[No Variations]"
Add component (AddParameter): Name = "GateName_1"; Value = "G$1"; VariantName = "[No Variations]"
Add component (AddParameter): Name = "LibraryName"; Value = "PiB_connectors"; VariantName = "[No Variations]"
Add component (AddParameter): Name = "MFR"; Value = "Sullins Connector Solutions"; VariantName = "[No Variations]"
Add component (AddParameter): Name = "MPN"; Value = "PPTC021LFBN-RC"; VariantName = "[No Variations]"
Add component (AddParameter): Name = "Supplier 1"; Value = "Digi-Key"; VariantName = "[No Variations]"
Add component (AddParameter): Name = "Supplier Part Number 1"; Value = "S7000-ND"; VariantName = "[No Variations]"
Add component (AddParameter): Name = "SymbolName_1"; Value = "1X02"; VariantName = "[No Variations]"
Added Component: Designator=FOCUS_R(RES 0603_1608 RF)
Add component. Clean all parameters for all variants
Add component (AddParameter): Name = "CREATOR"; Value = "MrSwirlyEyes"; VariantName = "[No Variations]"
Add component (AddParameter): Name = "DeviceName"; Value = "_PTH-0207/7_1/8W-5%"; VariantName = "[No Variations]"
Add component (AddParameter): Name = "DeviceSetName"; Value = "RESISTOR"; VariantName = "[No Variations]"
Add component (AddParameter): Name = "GateName_1"; Value = "G$1"; VariantName = "[No Variations]"
Add component (AddParameter): Name = "LibraryName"; Value = "PiB_resistors"; VariantName = "[No Variations]"
Add component (AddParameter): Name = "Supplier 1"; Value = "Digi-Key"; VariantName = "[No Variations]"
Add component (AddParameter): Name = "Supplier Part Number 1"; Value = "P1.00MHCT-ND"; VariantName = "[No Variations]"
Add component (AddParameter): Name = "SymbolName_1"; Value = "RESISTOR"; VariantName = "[No Variations]"
Add component (AddParameter): Name = "TESTED"; Value = "YES"; VariantName = "[No Variations]"
Added Component: Designator=L-SHUTTER(SAMTEC SSW-102-03-T-S)
Add component. Clean all parameters for all variants
Add component (AddParameter): Name = "DATASHEET"; Value = "https://drawings-pdf.s3.amazonaws.com/10492.pdf"; VariantName = "[No Variations]"
Add component (AddParameter): Name = "DeviceName"; Value = "_PTH_VERT_FEMALE_2.54MM"; VariantName = "[No Variations]"
Add component (AddParameter): Name = "DeviceSetName"; Value = "1X02"; VariantName = "[No Variations]"
Add component (AddParameter): Name = "DIST"; Value = "Digikey"; VariantName = "[No Variations]"
Add component (AddParameter): Name = "DISTLINK"; Value = "https://www.digikey.com/products/en?keywords=PPTC021LFBN-RC"; VariantName = "[No Variations]"
Add component (AddParameter): Name = "DISTPN"; Value = "S7000-ND"; VariantName = "[No Variations]"
Add component (AddParameter): Name = "GateName_1"; Value = "G$1"; VariantName = "[No Variations]"
Add component (AddParameter): Name = "LibraryName"; Value = "PiB_connectors"; VariantName = "[No Variations]"
Add component (AddParameter): Name = "MFR"; Value = "Sullins Connector Solutions"; VariantName = "[No Variations]"
Add component (AddParameter): Name = "MPN"; Value = "PPTC021LFBN-RC"; VariantName = "[No Variations]"
Add component (AddParameter): Name = "Supplier 1"; Value = "Digi-Key"; VariantName = "[No Variations]"
Add component (AddParameter): Name = "Supplier Part Number 1"; Value = "S7000-ND"; VariantName = "[No Variations]"
Add component (AddParameter): Name = "SymbolName_1"; Value = "1X02"; VariantName = "[No Variations]"
Added Component: Designator=LED_OUTPUT(SAMTEC SSW-102-03-T-S)
Add component. Clean all parameters for all variants
Add component (AddParameter): Name = "DATASHEET"; Value = "https://drawings-pdf.s3.amazonaws.com/10492.pdf"; VariantName = "[No Variations]"
Add component (AddParameter): Name = "DeviceName"; Value = "_PTH_VERT_FEMALE_2.54MM"; VariantName = "[No Variations]"
Add component (AddParameter): Name = "DeviceSetName"; Value = "1X02"; VariantName = "[No Variations]"
Add component (AddParameter): Name = "DIST"; Value = "Digikey"; VariantName = "[No Variations]"
Add component (AddParameter): Name = "DISTLINK"; Value = "https://www.digikey.com/products/en?keywords=PPTC021LFBN-RC"; VariantName = "[No Variations]"
Add component (AddParameter): Name = "DISTPN"; Value = "S7000-ND"; VariantName = "[No Variations]"
Add component (AddParameter): Name = "GateName_1"; Value = "G$1"; VariantName = "[No Variations]"
Add component (AddParameter): Name = "LibraryName"; Value = "PiB_connectors"; VariantName = "[No Variations]"
Add component (AddParameter): Name = "MFR"; Value = "Sullins Connector Solutions"; VariantName = "[No Variations]"
Add component (AddParameter): Name = "MPN"; Value = "PPTC021LFBN-RC"; VariantName = "[No Variations]"
Add component (AddParameter): Name = "SymbolName_1"; Value = "1X02"; VariantName = "[No Variations]"
Added Component: Designator=LIMIT_R(RES 0603_1608)
Add component. Clean all parameters for all variants
Add component (AddParameter): Name = "DATASHEET"; Value = "http://www.yageo.com/documents/recent/PYu-RC_Group_51_RoHS_L_9.pdf"; VariantName = "[No Variations]"
Add component (AddParameter): Name = "DeviceName"; Value = "_SMD-0603_1/10W-5%"; VariantName = "[No Variations]"
Add component (AddParameter): Name = "DeviceSetName"; Value = "10KO"; VariantName = "[No Variations]"
Add component (AddParameter): Name = "DIST"; Value = "Digikey"; VariantName = "[No Variations]"
Add component (AddParameter): Name = "DISTLINK"; Value = "https://www.digikey.com/products/en?keywords=311-10KGRCT-ND"; VariantName = "[No Variations]"
Add component (AddParameter): Name = "DISTPN"; Value = "311-10KGRCT-ND"; VariantName = "[No Variations]"
Add component (AddParameter): Name = "GateName_1"; Value = "G$1"; VariantName = "[No Variations]"
Add component (AddParameter): Name = "LibraryName"; Value = "PiB_resistors"; VariantName = "[No Variations]"
Add component (AddParameter): Name = "MFR"; Value = "Yageo"; VariantName = "[No Variations]"
Add component (AddParameter): Name = "MPN"; Value = "RC0603JR-0710KL"; VariantName = "[No Variations]"
Add component (AddParameter): Name = "Supplier 1"; Value = "Digi-Key"; VariantName = "[No Variations]"
Add component (AddParameter): Name = "Supplier Part Number 1"; Value = "541-10.0KHCT-ND"; VariantName = "[No Variations]"
Add component (AddParameter): Name = "SymbolName_1"; Value = "RESISTOR"; VariantName = "[No Variations]"
Added Component: Designator=LIMIT_SWITCH(SAMTEC SSW-102-03-T-S)
Add component. Clean all parameters for all variants
Add component (AddParameter): Name = "DATASHEET"; Value = "https://drawings-pdf.s3.amazonaws.com/10492.pdf"; VariantName = "[No Variations]"
Add component (AddParameter): Name = "DeviceName"; Value = "_PTH_VERT_FEMALE_2.54MM"; VariantName = "[No Variations]"
Add component (AddParameter): Name = "DeviceSetName"; Value = "1X02"; VariantName = "[No Variations]"
Add component (AddParameter): Name = "DIST"; Value = "Digikey"; VariantName = "[No Variations]"
Add component (AddParameter): Name = "DISTLINK"; Value = "https://www.digikey.com/products/en?keywords=PPTC021LFBN-RC"; VariantName = "[No Variations]"
Add component (AddParameter): Name = "DISTPN"; Value = "S7000-ND"; VariantName = "[No Variations]"
Add component (AddParameter): Name = "GateName_1"; Value = "G$1"; VariantName = "[No Variations]"
Add component (AddParameter): Name = "LibraryName"; Value = "PiB_connectors"; VariantName = "[No Variations]"
Add component (AddParameter): Name = "MFR"; Value = "Sullins Connector Solutions"; VariantName = "[No Variations]"
Add component (AddParameter): Name = "MPN"; Value = "PPTC021LFBN-RC"; VariantName = "[No Variations]"
Add component (AddParameter): Name = "Supplier 1"; Value = "Digi-Key"; VariantName = "[No Variations]"
Add component (AddParameter): Name = "Supplier Part Number 1"; Value = "S7000-ND"; VariantName = "[No Variations]"
Add component (AddParameter): Name = "SymbolName_1"; Value = "1X02"; VariantName = "[No Variations]"
Added Component: Designator=METRO_MINI(ADAFRUIT_METRO_MINI)
Add component. Clean all parameters for all variants
Add component (AddParameter): Name = "DeviceName"; Value = ""; VariantName = "[No Variations]"
Add component (AddParameter): Name = "DeviceSetName"; Value = "ADAFRUIT_METRO_MINI"; VariantName = "[No Variations]"
Add component (AddParameter): Name = "GateName_1"; Value = "G$1"; VariantName = "[No Variations]"
Add component (AddParameter): Name = "LibraryName"; Value = "adafruit_metro_mini"; VariantName = "[No Variations]"
Add component (AddParameter): Name = "SymbolName_1"; Value = "ADAFRUIT_METRO_MINI"; VariantName = "[No Variations]"
Added Component: Designator=MOSFET_R(RES 0603_1608)
Add component. Clean all parameters for all variants
Add component (AddParameter): Name = "DATASHEET"; Value = "http://www.yageo.com/documents/recent/PYu-RC_Group_51_RoHS_L_9.pdf"; VariantName = "[No Variations]"
Add component (AddParameter): Name = "DeviceName"; Value = "_SMD-0603_1/10W-5%"; VariantName = "[No Variations]"
Add component (AddParameter): Name = "DeviceSetName"; Value = "10KO"; VariantName = "[No Variations]"
Add component (AddParameter): Name = "DIST"; Value = "Digikey"; VariantName = "[No Variations]"
Add component (AddParameter): Name = "DISTLINK"; Value = "https://www.digikey.com/products/en?keywords=311-10KGRCT-ND"; VariantName = "[No Variations]"
Add component (AddParameter): Name = "DISTPN"; Value = "311-10KGRCT-ND"; VariantName = "[No Variations]"
Add component (AddParameter): Name = "GateName_1"; Value = "G$1"; VariantName = "[No Variations]"
Add component (AddParameter): Name = "LibraryName"; Value = "PiB_resistors"; VariantName = "[No Variations]"
Add component (AddParameter): Name = "MFR"; Value = "Yageo"; VariantName = "[No Variations]"
Add component (AddParameter): Name = "MPN"; Value = "RC0603JR-0710KL"; VariantName = "[No Variations]"
Add component (AddParameter): Name = "Supplier 1"; Value = "Mouser"; VariantName = "[No Variations]"
Add component (AddParameter): Name = "Supplier 2"; Value = "Digi-Key"; VariantName = "[No Variations]"
Add component (AddParameter): Name = "Supplier Part Number 1"; Value = "603-RC0603JR-0710KL"; VariantName = "[No Variations]"
Add component (AddParameter): Name = "Supplier Part Number 2"; Value = "541-10.0KHCT-ND"; VariantName = "[No Variations]"
Add component (AddParameter): Name = "SymbolName_1"; Value = "RESISTOR"; VariantName = "[No Variations]"
Added Component: Designator=ON-OFF-SWITCH(SULLINS NPPN031BFCN)
Add component. Clean all parameters for all variants
Add component (AddParameter): Name = "Color"; Value = "Black"; VariantName = "[No Variations]"
Add component (AddParameter): Name = "ComponentLink1Description"; Value = "https://media.digikey.com/pdf/Data%20Sheets/Sullins%20PDFs/Female_Headers.100_DS.pdf?src-supplier=Digi-Key"; VariantName = "[No Variations]"
Add component (AddParameter): Name = "ComponentLink1URL"; Value = "https://media.digikey.com/pdf/Data%20Sheets/Sullins%20PDFs/Female_Headers.100_DS.pdf?src-supplier=Digi-Key"; VariantName = "[No Variations]"
Add component (AddParameter): Name = "ComponentLink2Description"; Value = "http://www.sullinscorp.com/catalogs/78_Page80-81_HEADER_.100_2.54mm_FEMALE.pdf?src-supplier=Future+Electronics"; VariantName = "[No Variations]"
Add component (AddParameter): Name = "ComponentLink2URL"; Value = "http://www.sullinscorp.com/catalogs/78_Page80-81_HEADER_.100_2.54mm_FEMALE.pdf?src-supplier=Future+Electronics"; VariantName = "[No Variations]"
Add component (AddParameter): Name = "Connector Type"; Value = "Header,Socket"; VariantName = "[No Variations]"
Add component (AddParameter): Name = "Contact Material"; Value = "Bronze"; VariantName = "[No Variations]"
Add component (AddParameter): Name = "Contact Plating"; Value = "Tin"; VariantName = "[No Variations]"
Add component (AddParameter): Name = "DATASHEET"; Value = "https://drawings-pdf.s3.amazonaws.com/10492.pdf"; VariantName = "[No Variations]"
Add component (AddParameter): Name = "DeviceName"; Value = "_PTH_VERT_FEMALE_2.54MM"; VariantName = "[No Variations]"
Add component (AddParameter): Name = "DeviceSetName"; Value = "1X03"; VariantName = "[No Variations]"
Add component (AddParameter): Name = "DIST"; Value = "Digikey"; VariantName = "[No Variations]"
Add component (AddParameter): Name = "DISTLINK"; Value = "https://www.digikey.com/products/en?keywords=PPTC031LFBN-RC"; VariantName = "[No Variations]"
Add component (AddParameter): Name = "DISTPN"; Value = "S7001-ND"; VariantName = "[No Variations]"
Add component (AddParameter): Name = "GateName_1"; Value = "G$1"; VariantName = "[No Variations]"
Add component (AddParameter): Name = "Height"; Value = "8.5mm"; VariantName = "[No Variations]"
Add component (AddParameter): Name = "Housing Material"; Value = "Plastic"; VariantName = "[No Variations]"
Add component (AddParameter): Name = "Lead Free"; Value = "Lead Free"; VariantName = "[No Variations]"
Add component (AddParameter): Name = "Length"; Value = "8.12mm"; VariantName = "[No Variations]"
Add component (AddParameter): Name = "LibraryName"; Value = "PiB_connectors"; VariantName = "[No Variations]"
Add component (AddParameter): Name = "Manufacturer 1"; Value = "Sullins"; VariantName = "[No Variations]"
Add component (AddParameter): Name = "Manufacturer Part Number 1"; Value = "PPTC031LFBN-RC"; VariantName = "[No Variations]"
Add component (AddParameter): Name = "MFR"; Value = "Sullins Connector Solutions"; VariantName = "[No Variations]"
Add component (AddParameter): Name = "Mount"; Value = "Through Hole"; VariantName = "[No Variations]"
Add component (AddParameter): Name = "MPN"; Value = "PPTC031LFBN-RC"; VariantName = "[No Variations]"
Add component (AddParameter): Name = "Number of Positions"; Value = "3"; VariantName = "[No Variations]"
Add component (AddParameter): Name = "Number of Rows"; Value = "1"; VariantName = "[No Variations]"
Add component (AddParameter): Name = "Package Quantity"; Value = "1000"; VariantName = "[No Variations]"
Add component (AddParameter): Name = "Packaging"; Value = "Bulk"; VariantName = "[No Variations]"
Add component (AddParameter): Name = "Pitch"; Value = "0.1inch"; VariantName = "[No Variations]"
Add component (AddParameter): Name = "Pricing 1"; Value = "1=0.42000, 10=0.40000, 100=0.28000, 500=0.24004, 1000=0.20003, 5000=0.17145, 10000=0.16510 (USD)"; VariantName = "[No Variations]"
Add component (AddParameter): Name = "RoHS"; Value = "Yes"; VariantName = "[No Variations]"
Add component (AddParameter): Name = "Stock 1"; Value = "31703"; VariantName = "[No Variations]"
Add component (AddParameter): Name = "Supplier 1"; Value = "Digi-Key"; VariantName = "[No Variations]"
Add component (AddParameter): Name = "Supplier Part Number 1"; Value = "S7001-ND"; VariantName = "[No Variations]"
Add component (AddParameter): Name = "SymbolName_1"; Value = "1X03"; VariantName = "[No Variations]"
Add component (AddParameter): Name = "Termination"; Value = "Solder"; VariantName = "[No Variations]"
Add component (AddParameter): Name = "Width"; Value = "2.5mm"; VariantName = "[No Variations]"
Added Component: Designator=POT(SULLINS NPPN031BFCN)
Add component. Clean all parameters for all variants
Add component (AddParameter): Name = "DATASHEET"; Value = "https://drawings-pdf.s3.amazonaws.com/10492.pdf"; VariantName = "[No Variations]"
Add component (AddParameter): Name = "DeviceName"; Value = "_PTH_VERT_FEMALE_2.54MM"; VariantName = "[No Variations]"
Add component (AddParameter): Name = "DeviceSetName"; Value = "1X03"; VariantName = "[No Variations]"
Add component (AddParameter): Name = "DIST"; Value = "Digikey"; VariantName = "[No Variations]"
Add component (AddParameter): Name = "DISTLINK"; Value = "https://www.digikey.com/products/en?keywords=PPTC031LFBN-RC"; VariantName = "[No Variations]"
Add component (AddParameter): Name = "DISTPN"; Value = "S7001-ND"; VariantName = "[No Variations]"
Add component (AddParameter): Name = "GateName_1"; Value = "G$1"; VariantName = "[No Variations]"
Add component (AddParameter): Name = "LibraryName"; Value = "PiB_connectors"; VariantName = "[No Variations]"
Add component (AddParameter): Name = "MFR"; Value = "Sullins Connector Solutions"; VariantName = "[No Variations]"
Add component (AddParameter): Name = "MPN"; Value = "PPTC031LFBN-RC"; VariantName = "[No Variations]"
Add component (AddParameter): Name = "Supplier 1"; Value = "Digi-Key"; VariantName = "[No Variations]"
Add component (AddParameter): Name = "Supplier Part Number 1"; Value = "S7001-ND"; VariantName = "[No Variations]"
Add component (AddParameter): Name = "SymbolName_1"; Value = "1X03"; VariantName = "[No Variations]"
Added Component: Designator=POWER_1000C(ADAFRUIT_POWER_BOOST_1000C)
Add component. Clean all parameters for all variants
Add component (AddParameter): Name = "DeviceName"; Value = ""; VariantName = "[No Variations]"
Add component (AddParameter): Name = "DeviceSetName"; Value = "ADAFRUIT_POWER_BOOST"; VariantName = "[No Variations]"
Add component (AddParameter): Name = "GateName_1"; Value = "G$1"; VariantName = "[No Variations]"
Add component (AddParameter): Name = "LibraryName"; Value = "adafruit_power_1000c"; VariantName = "[No Variations]"
Add component (AddParameter): Name = "SymbolName_1"; Value = "ADAFRUIT_POWER_BOOST"; VariantName = "[No Variations]"
Added Component: Designator=Q(TO-252AA (MOSFET))
Add component. Clean all parameters for all variants
Add component (AddParameter): Name = "DeviceName"; Value = ""; VariantName = "[No Variations]"
Add component (AddParameter): Name = "DeviceSetName"; Value = "RFD12N06RLESM9A"; VariantName = "[No Variations]"
Add component (AddParameter): Name = "GateName_1"; Value = "G$1"; VariantName = "[No Variations]"
Add component (AddParameter): Name = "HEIGHT"; Value = "mm"; VariantName = "[No Variations]"
Add component (AddParameter): Name = "LibraryName"; Value = "mosfet_smd"; VariantName = "[No Variations]"
Add component (AddParameter): Name = "MANUFACTURER_NAME"; Value = "ON Semiconductor"; VariantName = "[No Variations]"
Add component (AddParameter): Name = "MANUFACTURER_PART_NUMBER"; Value = "RFD12N06RLESM9A"; VariantName = "[No Variations]"
Add component (AddParameter): Name = "MOUSER_PART_NUMBER"; Value = "512-RFD12N06RLESM9A"; VariantName = "[No Variations]"
Add component (AddParameter): Name = "MOUSER_PRICE-STOCK"; Value = "https://www.mouser.com/Search/Refine.aspx?Keyword=512-RFD12N06RLESM9A"; VariantName = "[No Variations]"
Add component (AddParameter): Name = "RS_PART_NUMBER"; Value = "8022143P"; VariantName = "[No Variations]"
Add component (AddParameter): Name = "RS_PRICE-STOCK"; Value = "http://uk.rs-online.com/web/p/products/8022143P"; VariantName = "[No Variations]"
Add component (AddParameter): Name = "Supplier 1"; Value = "Digi-Key"; VariantName = "[No Variations]"
Add component (AddParameter): Name = "Supplier Part Number 1"; Value = "RFD12N06RLESM9ACT-ND"; VariantName = "[No Variations]"
Add component (AddParameter): Name = "SymbolName_1"; Value = "RFD12N06RLESM9A"; VariantName = "[No Variations]"
Added Component: Designator=R-SHUTTER(SAMTEC SSW-102-03-T-S)
Add component. Clean all parameters for all variants
Add component (AddParameter): Name = "DATASHEET"; Value = "https://drawings-pdf.s3.amazonaws.com/10492.pdf"; VariantName = "[No Variations]"
Add component (AddParameter): Name = "DeviceName"; Value = "_PTH_VERT_FEMALE_2.54MM"; VariantName = "[No Variations]"
Add component (AddParameter): Name = "DeviceSetName"; Value = "1X02"; VariantName = "[No Variations]"
Add component (AddParameter): Name = "DIST"; Value = "Digikey"; VariantName = "[No Variations]"
Add component (AddParameter): Name = "DISTLINK"; Value = "https://www.digikey.com/products/en?keywords=PPTC021LFBN-RC"; VariantName = "[No Variations]"
Add component (AddParameter): Name = "DISTPN"; Value = "S7000-ND"; VariantName = "[No Variations]"
Add component (AddParameter): Name = "GateName_1"; Value = "G$1"; VariantName = "[No Variations]"
Add component (AddParameter): Name = "LibraryName"; Value = "PiB_connectors"; VariantName = "[No Variations]"
Add component (AddParameter): Name = "MFR"; Value = "Sullins Connector Solutions"; VariantName = "[No Variations]"
Add component (AddParameter): Name = "MPN"; Value = "PPTC021LFBN-RC"; VariantName = "[No Variations]"
Add component (AddParameter): Name = "Supplier 1"; Value = "Digi-Key"; VariantName = "[No Variations]"
Add component (AddParameter): Name = "Supplier Part Number 1"; Value = "S7000-ND"; VariantName = "[No Variations]"
Add component (AddParameter): Name = "SymbolName_1"; Value = "1X02"; VariantName = "[No Variations]"
Added Component: Designator=RESET_BUT_R(RES 0603_1608 RF)
Add component. Clean all parameters for all variants
Add component (AddParameter): Name = "DATASHEET"; Value = "http://www.yageo.com/documents/recent/PYu-RC_Group_51_RoHS_L_9.pdf"; VariantName = "[No Variations]"
Add component (AddParameter): Name = "DeviceName"; Value = "_SMD-0603_1/10W-5%"; VariantName = "[No Variations]"
Add component (AddParameter): Name = "DeviceSetName"; Value = "10KO"; VariantName = "[No Variations]"
Add component (AddParameter): Name = "DIST"; Value = "Digikey"; VariantName = "[No Variations]"
Add component (AddParameter): Name = "DISTLINK"; Value = "https://www.digikey.com/products/en?keywords=311-10KGRCT-ND"; VariantName = "[No Variations]"
Add component (AddParameter): Name = "DISTPN"; Value = "311-10KGRCT-ND"; VariantName = "[No Variations]"
Add component (AddParameter): Name = "GateName_1"; Value = "G$1"; VariantName = "[No Variations]"
Add component (AddParameter): Name = "LibraryName"; Value = "PiB_resistors"; VariantName = "[No Variations]"
Add component (AddParameter): Name = "MFR"; Value = "Yageo"; VariantName = "[No Variations]"
Add component (AddParameter): Name = "MPN"; Value = "RC0603JR-0710KL"; VariantName = "[No Variations]"
Add component (AddParameter): Name = "Supplier 1"; Value = "Digi-Key"; VariantName = "[No Variations]"
Add component (AddParameter): Name = "Supplier Part Number 1"; Value = "541-10.0KHCT-ND"; VariantName = "[No Variations]"
Add component (AddParameter): Name = "SymbolName_1"; Value = "RESISTOR"; VariantName = "[No Variations]"
Added Component: Designator=RESET_BUTTON(SAMTEC SSW-102-03-T-S)
Add component. Clean all parameters for all variants
Add component (AddParameter): Name = "DATASHEET"; Value = "https://drawings-pdf.s3.amazonaws.com/10492.pdf"; VariantName = "[No Variations]"
Add component (AddParameter): Name = "DeviceName"; Value = "_PTH_VERT_FEMALE_2.54MM"; VariantName = "[No Variations]"
Add component (AddParameter): Name = "DeviceSetName"; Value = "1X02"; VariantName = "[No Variations]"
Add component (AddParameter): Name = "DIST"; Value = "Digikey"; VariantName = "[No Variations]"
Add component (AddParameter): Name = "DISTLINK"; Value = "https://www.digikey.com/products/en?keywords=PPTC021LFBN-RC"; VariantName = "[No Variations]"
Add component (AddParameter): Name = "DISTPN"; Value = "S7000-ND"; VariantName = "[No Variations]"
Add component (AddParameter): Name = "GateName_1"; Value = "G$1"; VariantName = "[No Variations]"
Add component (AddParameter): Name = "LibraryName"; Value = "PiB_connectors"; VariantName = "[No Variations]"
Add component (AddParameter): Name = "MFR"; Value = "Sullins Connector Solutions"; VariantName = "[No Variations]"
Add component (AddParameter): Name = "MPN"; Value = "PPTC021LFBN-RC"; VariantName = "[No Variations]"
Add component (AddParameter): Name = "Supplier 1"; Value = "Digi-Key"; VariantName = "[No Variations]"
Add component (AddParameter): Name = "Supplier Part Number 1"; Value = "S7000-ND"; VariantName = "[No Variations]"
Add component (AddParameter): Name = "SymbolName_1"; Value = "1X02"; VariantName = "[No Variations]"
Added Component: Designator=SLIT_BUT_R(RES 0603_1608)
Add component. Clean all parameters for all variants
Add component (AddParameter): Name = "DATASHEET"; Value = "http://www.yageo.com/documents/recent/PYu-RC_Group_51_RoHS_L_9.pdf"; VariantName = "[No Variations]"
Add component (AddParameter): Name = "DeviceName"; Value = "_SMD-0603_1/10W-5%"; VariantName = "[No Variations]"
Add component (AddParameter): Name = "DeviceSetName"; Value = "10KO"; VariantName = "[No Variations]"
Add component (AddParameter): Name = "DIST"; Value = "Digikey"; VariantName = "[No Variations]"
Add component (AddParameter): Name = "DISTLINK"; Value = "https://www.digikey.com/products/en?keywords=311-10KGRCT-ND"; VariantName = "[No Variations]"
Add component (AddParameter): Name = "DISTPN"; Value = "311-10KGRCT-ND"; VariantName = "[No Variations]"
Add component (AddParameter): Name = "GateName_1"; Value = "G$1"; VariantName = "[No Variations]"
Add component (AddParameter): Name = "LibraryName"; Value = "PiB_resistors"; VariantName = "[No Variations]"
Add component (AddParameter): Name = "MFR"; Value = "Yageo"; VariantName = "[No Variations]"
Add component (AddParameter): Name = "MPN"; Value = "RC0603JR-0710KL"; VariantName = "[No Variations]"
Add component (AddParameter): Name = "Supplier 1"; Value = "Digi-Key"; VariantName = "[No Variations]"
Add component (AddParameter): Name = "Supplier Part Number 1"; Value = "541-10.0KHCT-ND"; VariantName = "[No Variations]"
Add component (AddParameter): Name = "SymbolName_1"; Value = "RESISTOR"; VariantName = "[No Variations]"
Added Component: Designator=SLIT_BUTTON(SAMTEC SSW-102-03-T-S)
Add component. Clean all parameters for all variants
Add component (AddParameter): Name = "DATASHEET"; Value = "https://drawings-pdf.s3.amazonaws.com/10492.pdf"; VariantName = "[No Variations]"
Add component (AddParameter): Name = "DeviceName"; Value = "_PTH_VERT_FEMALE_2.54MM"; VariantName = "[No Variations]"
Add component (AddParameter): Name = "DeviceSetName"; Value = "1X02"; VariantName = "[No Variations]"
Add component (AddParameter): Name = "DIST"; Value = "Digikey"; VariantName = "[No Variations]"
Add component (AddParameter): Name = "DISTLINK"; Value = "https://www.digikey.com/products/en?keywords=PPTC021LFBN-RC"; VariantName = "[No Variations]"
Add component (AddParameter): Name = "DISTPN"; Value = "S7000-ND"; VariantName = "[No Variations]"
Add component (AddParameter): Name = "GateName_1"; Value = "G$1"; VariantName = "[No Variations]"
Add component (AddParameter): Name = "LibraryName"; Value = "PiB_connectors"; VariantName = "[No Variations]"
Add component (AddParameter): Name = "MFR"; Value = "Sullins Connector Solutions"; VariantName = "[No Variations]"
Add component (AddParameter): Name = "MPN"; Value = "PPTC021LFBN-RC"; VariantName = "[No Variations]"
Add component (AddParameter): Name = "Supplier 1"; Value = "Digi-Key"; VariantName = "[No Variations]"
Add component (AddParameter): Name = "Supplier Part Number 1"; Value = "S7000-ND"; VariantName = "[No Variations]"
Add component (AddParameter): Name = "SymbolName_1"; Value = "1X02"; VariantName = "[No Variations]"
Added Component: Designator=STEP_CAP(Step_Capacitor)
Add component. Clean all parameters for all variants
Add component (AddParameter): Name = "+"; Value = "+"; VariantName = "[No Variations]"
Add component (AddParameter): Name = "Capacitance"; Value = "100uF"; VariantName = "[No Variations]"
Add component (AddParameter): Name = "Case/Package"; Value = "Radial"; VariantName = "[No Variations]"
Add component (AddParameter): Name = "ComponentLink1Description"; Value = "https://datasheet.ciiva.com/19479/1357482-19479360.pdf?src-supplier=Jameco"; VariantName = "[No Variations]"
Add component (AddParameter): Name = "ComponentLink1URL"; Value = "https://datasheet.ciiva.com/19479/1357482-19479360.pdf?src-supplier=Jameco"; VariantName = "[No Variations]"
Add component (AddParameter): Name = "ComponentLink2Description"; Value = "https://datasheet.ciiva.com/11777/0900766b80e4e8b0-11777237.pdf?src-supplier=RSComponents"; VariantName = "[No Variations]"
Add component (AddParameter): Name = "ComponentLink2URL"; Value = "https://datasheet.ciiva.com/11777/0900766b80e4e8b0-11777237.pdf?src-supplier=RSComponents"; VariantName = "[No Variations]"
Add component (AddParameter): Name = "ComponentLink3Description"; Value = "https://datasheet.ciiva.com/29313/443464-da-01-en-smd-elko-vfk-d-100-uf-16v-29313488.pdf?src-supplier=Conrad"; VariantName = "[No Variations]"
Add component (AddParameter): Name = "ComponentLink3URL"; Value = "https://datasheet.ciiva.com/29313/443464-da-01-en-smd-elko-vfk-d-100-uf-16v-29313488.pdf?src-supplier=Conrad"; VariantName = "[No Variations]"
Add component (AddParameter): Name = "ComponentLink4Description"; Value = "https://datasheet.ciiva.com/2983/aba0000ce120-2983939.pdf?src-supplier=Avnet"; VariantName = "[No Variations]"
Add component (AddParameter): Name = "ComponentLink4URL"; Value = "https://datasheet.ciiva.com/2983/aba0000ce120-2983939.pdf?src-supplier=Avnet"; VariantName = "[No Variations]"
Add component (AddParameter): Name = "ComponentLink5Description"; Value = "https://datasheet.ciiva.com/43463/58258-43463495.pdf?src-supplier=Farnell"; VariantName = "[No Variations]"
Add component (AddParameter): Name = "ComponentLink5URL"; Value = "https://datasheet.ciiva.com/43463/58258-43463495.pdf?src-supplier=Farnell"; VariantName = "[No Variations]"
Add component (AddParameter): Name = "ComponentLink6Description"; Value = "https://datasheet.ciiva.com/46376/1676921-46376425.pdf?src-supplier=Element14"; VariantName = "[No Variations]"
Add component (AddParameter): Name = "ComponentLink6URL"; Value = "https://datasheet.ciiva.com/46376/1676921-46376425.pdf?src-supplier=Element14"; VariantName = "[No Variations]"
Add component (AddParameter): Name = "ComponentLink7Description"; Value = "https://datasheet.ciiva.com/24022/aba0000ce120-24022554.pdf?src-supplier=Mouser"; VariantName = "[No Variations]"
Add component (AddParameter): Name = "ComponentLink7URL"; Value = "https://datasheet.ciiva.com/24022/aba0000ce120-24022554.pdf?src-supplier=Mouser"; VariantName = "[No Variations]"
Add component (AddParameter): Name = "ComponentLink8Description"; Value = "https://datasheet.ciiva.com/16539/aba0000ce120-16539980.pdf?src-supplier=Avnet+Asia"; VariantName = "[No Variations]"
Add component (AddParameter): Name = "ComponentLink8URL"; Value = "https://datasheet.ciiva.com/16539/aba0000ce120-16539980.pdf?src-supplier=Avnet+Asia"; VariantName = "[No Variations]"
Add component (AddParameter): Name = "ComponentLink9Description"; Value = "https://datasheet.ciiva.com/25899/aba0000ce120-25899324.pdf?src-supplier=Avnet+Europe"; VariantName = "[No Variations]"
Add component (AddParameter): Name = "ComponentLink9URL"; Value = "https://datasheet.ciiva.com/25899/aba0000ce120-25899324.pdf?src-supplier=Avnet+Europe"; VariantName = "[No Variations]"
Add component (AddParameter): Name = "ComponentLink10Description"; Value = "https://datasheet.ciiva.com/30177/aba0000ce120-30177788.pdf?src-supplier=Onlinecomponents.com"; VariantName = "[No Variations]"
Add component (AddParameter): Name = "ComponentLink10URL"; Value = "https://datasheet.ciiva.com/30177/aba0000ce120-30177788.pdf?src-supplier=Onlinecomponents.com"; VariantName = "[No Variations]"
Add component (AddParameter): Name = "ComponentLink11Description"; Value = "https://datasheet.ciiva.com/14601/70255214-14601005.pdf?src-supplier=Allied+Electronics"; VariantName = "[No Variations]"
Add component (AddParameter): Name = "ComponentLink11URL"; Value = "https://datasheet.ciiva.com/14601/70255214-14601005.pdf?src-supplier=Allied+Electronics"; VariantName = "[No Variations]"
Add component (AddParameter): Name = "ComponentLink12Description"; Value = "https://datasheet.ciiva.com/16449/aba0000ce120-16449534.pdf?src-supplier=Future+Electronics"; VariantName = "[No Variations]"
Add component (AddParameter): Name = "ComponentLink12URL"; Value = "https://datasheet.ciiva.com/16449/aba0000ce120-16449534.pdf?src-supplier=Future+Electronics"; VariantName = "[No Variations]"
Add component (AddParameter): Name = "ComponentLink13Description"; Value = "https://datasheet.ciiva.com/46387/1676921-46387918.pdf?src-supplier=Element14"; VariantName = "[No Variations]"
Add component (AddParameter): Name = "ComponentLink13URL"; Value = "https://datasheet.ciiva.com/46387/1676921-46387918.pdf?src-supplier=Element14"; VariantName = "[No Variations]"
Add component (AddParameter): Name = "CREATOR"; Value = "MrSwirlyEyes"; VariantName = "[No Variations]"
Add component (AddParameter): Name = "DATASHEET"; Value = "http://industrial.panasonic.com/www-cgi/jvcr13pz.cgi?E+PZ+3+ABA0120+EEEFK1C101P+7+WW"; VariantName = "[No Variations]"
Add component (AddParameter): Name = "DeviceName"; Value = "_SMD_16V-20%_L6.6-W6.6"; VariantName = "[No Variations]"
Add component (AddParameter): Name = "DeviceSetName"; Value = "100UF-POLARIZED"; VariantName = "[No Variations]"
Add component (AddParameter): Name = "Diameter"; Value = "6.3mm"; VariantName = "[No Variations]"
Add component (AddParameter): Name = "Dielectric Material"; Value = "Aluminium"; VariantName = "[No Variations]"
Add component (AddParameter): Name = "DIST"; Value = "Digikey"; VariantName = "[No Variations]"
Add component (AddParameter): Name = "DISTLINK"; Value = "https://www.digikey.com/products/en?keywords=PCE3783CT-ND"; VariantName = "[No Variations]"
Add component (AddParameter): Name = "DISTPN"; Value = "PCE3783CT-ND"; VariantName = "[No Variations]"
Add component (AddParameter): Name = "ESR (Equivalent Series Resistance)"; Value = "360mR"; VariantName = "[No Variations]"
Add component (AddParameter): Name = "GateName_1"; Value = "G$1"; VariantName = "[No Variations]"
Add component (AddParameter): Name = "Height"; Value = "5.8mm"; VariantName = "[No Variations]"
Add component (AddParameter): Name = "Height - Seated (Max)"; Value = "0.24inch"; VariantName = "[No Variations]"
Add component (AddParameter): Name = "Impedance"; Value = "360mR"; VariantName = "[No Variations]"
Add component (AddParameter): Name = "Leakage Current"; Value = "3uA"; VariantName = "[No Variations]"
Add component (AddParameter): Name = "Length"; Value = "5.8mm"; VariantName = "[No Variations]"
Add component (AddParameter): Name = "LibraryName"; Value = "PiB_capacitors"; VariantName = "[No Variations]"
Add component (AddParameter): Name = "Life (Hours)"; Value = "2000Hour"; VariantName = "[No Variations]"
Add component (AddParameter): Name = "Manufacturer 3"; Value = "Panasonic"; VariantName = "[No Variations]"
Add component (AddParameter): Name = "Manufacturer Part Number 3"; Value = "EEEFK1C101P"; VariantName = "[No Variations]"
Add component (AddParameter): Name = "Material"; Value = "Aluminium"; VariantName = "[No Variations]"
Add component (AddParameter): Name = "Max Operating Temperature"; Value = "105°C"; VariantName = "[No Variations]"
Add component (AddParameter): Name = "MFR"; Value = "Panasonic Electronic Components"; VariantName = "[No Variations]"
Add component (AddParameter): Name = "Min Operating Temperature"; Value = "-55°C"; VariantName = "[No Variations]"
Add component (AddParameter): Name = "Mount"; Value = "Surface Mount,PCB"; VariantName = "[No Variations]"
Add component (AddParameter): Name = "MPN"; Value = "EEE-FK1C101P"; VariantName = "[No Variations]"
Add component (AddParameter): Name = "Number of Pins"; Value = "2"; VariantName = "[No Variations]"
Add component (AddParameter): Name = "Package Quantity"; Value = "1000"; VariantName = "[No Variations]"
Add component (AddParameter): Name = "Packaging"; Value = "Tape and Reel"; VariantName = "[No Variations]"
Add component (AddParameter): Name = "Polarity"; Value = "Polar"; VariantName = "[No Variations]"
Add component (AddParameter): Name = "Pricing 3"; Value = "1=0.49000, 10=0.33700, 100=0.20220, 500=0.15162 (USD)"; VariantName = "[No Variations]"
Add component (AddParameter): Name = "Radiation Hardening"; Value = "No"; VariantName = "[No Variations]"
Add component (AddParameter): Name = "REACH SVHC"; Value = "No SVHC"; VariantName = "[No Variations]"
Add component (AddParameter): Name = "Ripple Current"; Value = "240mA"; VariantName = "[No Variations]"
Add component (AddParameter): Name = "Ripple Current (AC)"; Value = "240mA"; VariantName = "[No Variations]"
Add component (AddParameter): Name = "RoHS"; Value = "Yes"; VariantName = "[No Variations]"
Add component (AddParameter): Name = "Stock 3"; Value = "98945"; VariantName = "[No Variations]"
Add component (AddParameter): Name = "Supplier 1"; Value = "Digi-Key"; VariantName = "[No Variations]"
Add component (AddParameter): Name = "Supplier 2"; Value = "Digi-Key"; VariantName = "[No Variations]"
Add component (AddParameter): Name = "Supplier 3"; Value = "Digi-Key"; VariantName = "[No Variations]"
Add component (AddParameter): Name = "Supplier Part Number 3"; Value = "PCE3783CT-ND"; VariantName = "[No Variations]"
Add component (AddParameter): Name = "SymbolName_1"; Value = "CAPACITOR_POLARIZED"; VariantName = "[No Variations]"
Add component (AddParameter): Name = "Termination"; Value = "SMD/SMT"; VariantName = "[No Variations]"
Add component (AddParameter): Name = "TESTED"; Value = "NO"; VariantName = "[No Variations]"
Add component (AddParameter): Name = "Tolerance"; Value = "20%"; VariantName = "[No Variations]"
Add component (AddParameter): Name = "Voltage"; Value = "16V"; VariantName = "[No Variations]"
Add component (AddParameter): Name = "Voltage Rating"; Value = "16V"; VariantName = "[No Variations]"
Add component (AddParameter): Name = "Voltage Rating (DC)"; Value = "16V"; VariantName = "[No Variations]"
Added Component: Designator=STEP_PINS(JST BM04B-SRSS-TB)
Add component. Clean all parameters for all variants
Add component (AddParameter): Name = "Color"; Value = "Natural"; VariantName = "[No Variations]"
Add component (AddParameter): Name = "ComponentLink1Description"; Value = "https://datasheet.ciiva.com/26894/getdatasheetpartid-690899-26894827.pdf?src-supplier=Verical"; VariantName = "[No Variations]"
Add component (AddParameter): Name = "ComponentLink1URL"; Value = "https://datasheet.ciiva.com/26894/getdatasheetpartid-690899-26894827.pdf?src-supplier=Verical"; VariantName = "[No Variations]"
Add component (AddParameter): Name = "ComponentLink2Description"; Value = "https://datasheet.ciiva.com/26924/getdatasheetpartid-708793-26924043.pdf?src-supplier=Verical"; VariantName = "[No Variations]"
Add component (AddParameter): Name = "ComponentLink2URL"; Value = "https://datasheet.ciiva.com/26924/getdatasheetpartid-708793-26924043.pdf?src-supplier=Verical"; VariantName = "[No Variations]"
Add component (AddParameter): Name = "ComponentLink3Description"; Value = "https://datasheet.ciiva.com/16211/esr-16211085.pdf?src-supplier=Future+Electronics"; VariantName = "[No Variations]"
Add component (AddParameter): Name = "ComponentLink3URL"; Value = "https://datasheet.ciiva.com/16211/esr-16211085.pdf?src-supplier=Future+Electronics"; VariantName = "[No Variations]"
Add component (AddParameter): Name = "Connector Type"; Value = "Male Pin"; VariantName = "[No Variations]"
Add component (AddParameter): Name = "Contact Material"; Value = "Copper Alloy"; VariantName = "[No Variations]"
Add component (AddParameter): Name = "Contact Plating"; Value = "Tin,Lead,Copper"; VariantName = "[No Variations]"
Add component (AddParameter): Name = "Contact Resistance"; Value = "40mR"; VariantName = "[No Variations]"
Add component (AddParameter): Name = "Current Rating"; Value = "1A"; VariantName = "[No Variations]"
Add component (AddParameter): Name = "Depth"; Value = "2.9mm"; VariantName = "[No Variations]"
Add component (AddParameter): Name = "DeviceName"; Value = "-TB"; VariantName = "[No Variations]"
Add component (AddParameter): Name = "DeviceSetName"; Value = "BM04B-SRSS"; VariantName = "[No Variations]"
Add component (AddParameter): Name = "Flammability Rating"; Value = "UL94 V-0"; VariantName = "[No Variations]"
Add component (AddParameter): Name = "GateName_1"; Value = "G$1"; VariantName = "[No Variations]"
Add component (AddParameter): Name = "Gender"; Value = "Male"; VariantName = "[No Variations]"
Add component (AddParameter): Name = "Housing Color"; Value = "Beige"; VariantName = "[No Variations]"
Add component (AddParameter): Name = "Housing Material"; Value = "Polyamide"; VariantName = "[No Variations]"
Add component (AddParameter): Name = "Insulation Resistance"; Value = "100MR"; VariantName = "[No Variations]"
Add component (AddParameter): Name = "Lead Free"; Value = "Lead Free"; VariantName = "[No Variations]"
Add component (AddParameter): Name = "Lead Pitch"; Value = "1mm"; VariantName = "[No Variations]"
Add component (AddParameter): Name = "Length"; Value = "6mm"; VariantName = "[No Variations]"
Add component (AddParameter): Name = "LibraryName"; Value = "con-JST SH"; VariantName = "[No Variations]"
Add component (AddParameter): Name = "Manufacturer 1"; Value = "JST"; VariantName = "[No Variations]"
Add component (AddParameter): Name = "Manufacturer Part Number 1"; Value = "BM04B-SRSS-TB(LF)(SN)"; VariantName = "[No Variations]"
Add component (AddParameter): Name = "Material"; Value = "Polyamide"; VariantName = "[No Variations]"
Add component (AddParameter): Name = "Max Current Rating"; Value = "1A"; VariantName = "[No Variations]"
Add component (AddParameter): Name = "Max Operating Temperature"; Value = "85°C"; VariantName = "[No Variations]"
Add component (AddParameter): Name = "Max Voltage Rating (AC)"; Value = "50V"; VariantName = "[No Variations]"
Add component (AddParameter): Name = "Max Voltage Rating (DC)"; Value = "50V"; VariantName = "[No Variations]"
Add component (AddParameter): Name = "Min Operating Temperature"; Value = "-25°C"; VariantName = "[No Variations]"
Add component (AddParameter): Name = "Mount"; Value = "Surface Mount"; VariantName = "[No Variations]"
Add component (AddParameter): Name = "Number of Contacts"; Value = "4"; VariantName = "[No Variations]"
Add component (AddParameter): Name = "Number of Positions"; Value = "4"; VariantName = "[No Variations]"
Add component (AddParameter): Name = "Number of Rows"; Value = "1"; VariantName = "[No Variations]"
Add component (AddParameter): Name = "Orientation"; Value = "Straight"; VariantName = "[No Variations]"
Add component (AddParameter): Name = "Packaging"; Value = "Tape and Reel"; VariantName = "[No Variations]"
Add component (AddParameter): Name = "Pitch"; Value = "0.039inch"; VariantName = "[No Variations]"
Add component (AddParameter): Name = "Pricing 1"; Value = "1=0.630000, 10=0.592000, 100=0.454000, 500=0.394800 (USD)"; VariantName = "[No Variations]"
Add component (AddParameter): Name = "REACH SVHC"; Value = "No SVHC"; VariantName = "[No Variations]"
Add component (AddParameter): Name = "RoHS"; Value = "Yes"; VariantName = "[No Variations]"
Add component (AddParameter): Name = "Stock 1"; Value = "5100"; VariantName = "[No Variations]"
Add component (AddParameter): Name = "Supplier 1"; Value = "Digi-Key"; VariantName = "[No Variations]"
Add component (AddParameter): Name = "Supplier Part Number 1"; Value = "455-1790-1-ND"; VariantName = "[No Variations]"
Add component (AddParameter): Name = "SymbolName_1"; Value = "M_1R04"; VariantName = "[No Variations]"
Add component (AddParameter): Name = "Termination"; Value = "Solder"; VariantName = "[No Variations]"
Add component (AddParameter): Name = "Voltage Rating (AC)"; Value = "50V"; VariantName = "[No Variations]"
Added Component: Designator=U1(D16)
Add component. Clean all parameters for all variants
Add component (AddParameter): Name = "BUILT_BY"; Value = "EMA_UL_Team"; VariantName = "[No Variations]"
Add component (AddParameter): Name = "DeviceName"; Value = ""; VariantName = "[No Variations]"
Add component (AddParameter): Name = "DeviceSetName"; Value = "SN74LS279ADR"; VariantName = "[No Variations]"
Add component (AddParameter): Name = "GateName_1"; Value = "A"; VariantName = "[No Variations]"
Add component (AddParameter): Name = "LibraryName"; Value = "SRlatch"; VariantName = "[No Variations]"
Add component (AddParameter): Name = "MANUFACTURER"; Value = "Texas Instruments"; VariantName = "[No Variations]"
Add component (AddParameter): Name = "MANUFACTURER_PART_NUMBER"; Value = "SN74LS279ADR"; VariantName = "[No Variations]"
Add component (AddParameter): Name = "Supplier 1"; Value = "Digi-Key"; VariantName = "[No Variations]"
Add component (AddParameter): Name = "Supplier Part Number 1"; Value = "296-29449-1-ND"; VariantName = "[No Variations]"
Add component (AddParameter): Name = "SymbolName_1"; Value = "SN74LS279A_D_16"; VariantName = "[No Variations]"
Add component (AddParameter): Name = "VENDOR"; Value = "Vendor"; VariantName = "[No Variations]"
Added Pin To Net: NetName=NetA4988_1A Pin=A4988-1A
Added Pin To Net: NetName=NetA4988_1B Pin=A4988-1B
Added Pin To Net: NetName=NetA4988_2A Pin=A4988-2A
Added Pin To Net: NetName=NetA4988_2B Pin=A4988-2B
Added Pin To Net: NetName=NetA4988_DIR Pin=A4988-DIR
Added Pin To Net: NetName=GND Pin=A4988-GND_M
Added Pin To Net: NetName=GND Pin=A4988-GND
Added Pin To Net: NetName=NetA4988_MS1 Pin=A4988-MS1
Added Pin To Net: NetName=NetA4988_MS2 Pin=A4988-MS2
Added Pin To Net: NetName=NetA4988_MS3 Pin=A4988-MS3
Added Pin To Net: NetName=NetA4988_RESET Pin=A4988-RESET
Added Pin To Net: NetName=NetA4988_RESET Pin=A4988-SLEEP
Added Pin To Net: NetName=NetA4988_STEP Pin=A4988-STEP
Added Pin To Net: NetName=5V Pin=A4988-VDD
Added Pin To Net: NetName=5V Pin=A4988-VMOT
Added Pin To Net: NetName=5V Pin=CUR_DRIVE_INPUT-1
Added Pin To Net: NetName=GND Pin=CUR_DRIVE_INPUT-2
Added Pin To Net: NetName=NetCUR_DRIVE_OUTPUT_1 Pin=CUR_DRIVE_OUTPUT-1
Added Pin To Net: NetName=MOS_S Pin=CUR_DRIVE_OUTPUT-2
Added Pin To Net: NetName=5V Pin=FOCUS_LED-1
Added Pin To Net: NetName=NetFOCUS_LED_2 Pin=FOCUS_LED-2
Added Pin To Net: NetName=NetFOCUS_LED_2 Pin=FOCUS_R-1
Added Pin To Net: NetName=GND Pin=FOCUS_R-2
Added Pin To Net: NetName=VBAT Pin=L-SHUTTER-1
Added Pin To Net: NetName=GND Pin=L-SHUTTER-2
Added Pin To Net: NetName=MOS_D Pin=LED_OUTPUT-1
Added Pin To Net: NetName=NetCUR_DRIVE_OUTPUT_1 Pin=LED_OUTPUT-2
Added Pin To Net: NetName=NetLIMIT_R_1 Pin=LIMIT_R-1
Added Pin To Net: NetName=GND Pin=LIMIT_R-2
Added Pin To Net: NetName=NetLIMIT_R_1 Pin=LIMIT_SWITCH-1
Added Pin To Net: NetName=VBAT Pin=LIMIT_SWITCH-2
Added Pin To Net: NetName=NetMETRO_MINI_2 Pin=METRO_MINI-2
Added Pin To Net: NetName=NetA4988_DIR Pin=METRO_MINI-3
Added Pin To Net: NetName=NetA4988_STEP Pin=METRO_MINI-4
Added Pin To Net: NetName=NetA4988_RESET Pin=METRO_MINI-5
Added Pin To Net: NetName=NetMETRO_MINI_6 Pin=METRO_MINI-6
Added Pin To Net: NetName=NetA4988_MS3 Pin=METRO_MINI-7
Added Pin To Net: NetName=NetA4988_MS2 Pin=METRO_MINI-8
Added Pin To Net: NetName=NetA4988_MS1 Pin=METRO_MINI-9
Added Pin To Net: NetName=NetLIMIT_R_1 Pin=METRO_MINI-10
Added Pin To Net: NetName=NetMETRO_MINI_11 Pin=METRO_MINI-11
Added Pin To Net: NetName=GND Pin=METRO_MINI-GND-2
Added Pin To Net: NetName=5V Pin=METRO_MINI-VIN
Added Pin To Net: NetName=GND Pin=MOSFET_R-1
Added Pin To Net: NetName=NetMOSFET_R_2 Pin=MOSFET_R-2
Added Pin To Net: NetName=NetON-OFF-SWITCH_1 Pin=ON-OFF-SWITCH-1
Added Pin To Net: NetName=NetON-OFF-SWITCH_2 Pin=ON-OFF-SWITCH-2
Added Pin To Net: NetName=GND Pin=ON-OFF-SWITCH-3
Added Pin To Net: NetName=GND Pin=POT-1
Added Pin To Net: NetName=NetMOSFET_R_2 Pin=POT-2
Added Pin To Net: NetName=NetMETRO_MINI_6 Pin=POT-3
Added Pin To Net: NetName=5V Pin=POWER_1000C-5V
Added Pin To Net: NetName=NetON-OFF-SWITCH_2 Pin=POWER_1000C-EN
Added Pin To Net: NetName=NetMOSFET_R_2 Pin=Q-1
Added Pin To Net: NetName=MOS_S Pin=Q-2
Added Pin To Net: NetName=MOS_D Pin=Q-3
Added Pin To Net: NetName=VBAT Pin=R-SHUTTER-1
Added Pin To Net: NetName=GND Pin=R-SHUTTER-2
Added Pin To Net: NetName=NetMETRO_MINI_11 Pin=RESET_BUT_R-1
Added Pin To Net: NetName=VBAT Pin=RESET_BUT_R-2
Added Pin To Net: NetName=NetMETRO_MINI_11 Pin=RESET_BUTTON-1
Added Pin To Net: NetName=GND Pin=RESET_BUTTON-2
Added Pin To Net: NetName=VBAT Pin=SLIT_BUT_R-1
Added Pin To Net: NetName=NetMETRO_MINI_2 Pin=SLIT_BUT_R-2
Added Pin To Net: NetName=NetMETRO_MINI_2 Pin=SLIT_BUTTON-1
Added Pin To Net: NetName=GND Pin=SLIT_BUTTON-2
Added Pin To Net: NetName=NetA4988_2B Pin=STEP_PINS-1
Added Pin To Net: NetName=NetA4988_2A Pin=STEP_PINS-2
Added Pin To Net: NetName=NetA4988_1A Pin=STEP_PINS-3
Added Pin To Net: NetName=NetA4988_1B Pin=STEP_PINS-4
Added Pin To Net: NetName=GND Pin=U1-8
Added Pin To Net: NetName=NetON-OFF-SWITCH_1 Pin=U1-13
Added Pin To Net: NetName=NetMETRO_MINI_11 Pin=U1-14
Added Pin To Net: NetName=NetMETRO_MINI_2 Pin=U1-15
Added Pin To Net: NetName=VBAT Pin=U1-16
Added Member To Class: ClassName=Slit_Lamp_Schematic Member=Component A4988 A
Added Member To Class: ClassName=Slit_Lamp_Schematic Member=Component CUR_DRIVE_INPUT POS-NEG
Added Member To Class: ClassName=Slit_Lamp_Schematic Member=Component CUR_DRIVE_OUTPUT POS-NEG
Added Member To Class: ClassName=Slit_Lamp_Schematic Member=Component FOCUS_LED POS-NEG
Added Member To Class: ClassName=Slit_Lamp_Schematic Member=Component FOCUS_R 1M
Added Member To Class: ClassName=Slit_Lamp_Schematic Member=Component L-SHUTTER POS-NEG
Added Member To Class: ClassName=Slit_Lamp_Schematic Member=Component LED_OUTPUT POS-NEG
Added Member To Class: ClassName=Slit_Lamp_Schematic Member=Component LIMIT_R 10K
Added Member To Class: ClassName=Slit_Lamp_Schematic Member=Component LIMIT_SWITCH SIG-VBAT
Added Member To Class: ClassName=Slit_Lamp_Schematic Member=Component METRO_MINI ADAFRUIT_METRO_MINI
Added Member To Class: ClassName=Slit_Lamp_Schematic Member=Component MOSFET_R 10K
Added Member To Class: ClassName=Slit_Lamp_Schematic Member=Component ON-OFF-SWITCH Q4-EN-GND
Added Member To Class: ClassName=Slit_Lamp_Schematic Member=Component POT SIG-OUTPUT-GND
Added Member To Class: ClassName=Slit_Lamp_Schematic Member=Component POWER_1000C ADAFRUIT_POWER_BOOST
Added Member To Class: ClassName=Slit_Lamp_Schematic Member=Component Q RFD12N06RLESM9A
Added Member To Class: ClassName=Slit_Lamp_Schematic Member=Component R-SHUTTER POS-NEG
Added Member To Class: ClassName=Slit_Lamp_Schematic Member=Component RESET_BUT_R 10K
Added Member To Class: ClassName=Slit_Lamp_Schematic Member=Component RESET_BUTTON SIG-VBAT
Added Member To Class: ClassName=Slit_Lamp_Schematic Member=Component SLIT_BUT_R 10K
Added Member To Class: ClassName=Slit_Lamp_Schematic Member=Component SLIT_BUTTON SIG-VBAT
Added Member To Class: ClassName=Slit_Lamp_Schematic Member=Component STEP_CAP 100UF/16V
Added Member To Class: ClassName=Slit_Lamp_Schematic Member=Component STEP_PINS O-Br-Bl-R
Added Member To Class: ClassName=Slit_Lamp_Schematic Member=Component U1 SN74LS279ADR
Added Room: Name=Slit_Lamp_Schematic
