Added Component: Designator=A4988(A4988)
Add component. Clean all parameters for all variants
Add component (AddParameter): Name = "DeviceName"; Value = ""; VariantName = "[No Variations]"
Add component (AddParameter): Name = "DeviceSetName"; Value = "A4988"; VariantName = "[No Variations]"
Add component (AddParameter): Name = "GateName_1"; Value = "G$1"; VariantName = "[No Variations]"
Add component (AddParameter): Name = "LibraryName"; Value = "a4988_stepDriver"; VariantName = "[No Variations]"
Add component (AddParameter): Name = "SymbolName_1"; Value = "A4988"; VariantName = "[No Variations]"
Added Component: Designator=POWER_1000C(ADAFRUIT_POWER_BOOST_1000C)
Add component. Clean all parameters for all variants
Add component (AddParameter): Name = "DeviceName"; Value = ""; VariantName = "[No Variations]"
Add component (AddParameter): Name = "DeviceSetName"; Value = "ADAFRUIT_POWER_BOOST"; VariantName = "[No Variations]"
Add component (AddParameter): Name = "GateName_1"; Value = "G$1"; VariantName = "[No Variations]"
Add component (AddParameter): Name = "LibraryName"; Value = "adafruit_power_1000c"; VariantName = "[No Variations]"
Add component (AddParameter): Name = "SymbolName_1"; Value = "ADAFRUIT_POWER_BOOST"; VariantName = "[No Variations]"
Added Component: Designator=U1(D16)
Add component. Clean all parameters for all variants
Add component (AddParameter): Name = "BUILT_BY"; Value = "EMA_UL_Team"; VariantName = "[No Variations]"
Add component (AddParameter): Name = "DeviceName"; Value = ""; VariantName = "[No Variations]"
Add component (AddParameter): Name = "DeviceSetName"; Value = "SN74LS279ADR"; VariantName = "[No Variations]"
Add component (AddParameter): Name = "GateName_1"; Value = "A"; VariantName = "[No Variations]"
Add component (AddParameter): Name = "LibraryName"; Value = "SRlatch"; VariantName = "[No Variations]"
Add component (AddParameter): Name = "MANUFACTURER"; Value = "Texas Instruments"; VariantName = "[No Variations]"
Add component (AddParameter): Name = "MANUFACTURER_PART_NUMBER"; Value = "SN74LS279ADR"; VariantName = "[No Variations]"
Add component (AddParameter): Name = "SymbolName_1"; Value = "SN74LS279A_D_16"; VariantName = "[No Variations]"
Add component (AddParameter): Name = "VENDOR"; Value = "Vendor"; VariantName = "[No Variations]"
Added Pin To Net: NetName=GND Pin=A4988-GND_M
Added Pin To Net: NetName=GND Pin=A4988-GND
Added Pin To Net: NetName=5V Pin=A4988-VDD
Added Pin To Net: NetName=5V Pin=A4988-VMOT
Added Pin To Net: NetName=5V Pin=POWER_1000C-5V
Added Pin To Net: NetName=GND Pin=U1-8
Added Pin To Net: NetName=VBAT Pin=U1-16
Added Pin To Net: NetName=NetA4988_1A Pin=A4988-1A
Added Net: Name=NetA4988_1A
Added Pin To Net: NetName=NetA4988_1B Pin=A4988-1B
Added Net: Name=NetA4988_1B
Added Pin To Net: NetName=NetA4988_2A Pin=A4988-2A
Added Net: Name=NetA4988_2A
Added Pin To Net: NetName=NetA4988_2B Pin=A4988-2B
Added Net: Name=NetA4988_2B
Added Pin To Net: NetName=NetA4988_DIR Pin=A4988-DIR
Added Net: Name=NetA4988_DIR
Added Pin To Net: NetName=NetA4988_MS1 Pin=A4988-MS1
Added Net: Name=NetA4988_MS1
Added Pin To Net: NetName=NetA4988_MS2 Pin=A4988-MS2
Added Net: Name=NetA4988_MS2
Added Pin To Net: NetName=NetA4988_MS3 Pin=A4988-MS3
Added Net: Name=NetA4988_MS3
Added Pin To Net: NetName=NetA4988_RESET Pin=A4988-RESET
Added Pin To Net: NetName=NetA4988_RESET Pin=A4988-SLEEP
Added Net: Name=NetA4988_RESET
Added Pin To Net: NetName=NetA4988_STEP Pin=A4988-STEP
Added Net: Name=NetA4988_STEP
Added Net: Name=NetCUR_DRIVE_OUTPUT?_1
Added Net: Name=NetFOCUS_LED_2
Added Net: Name=NetLIMIT_R?_1
Added Pin To Net: NetName=NetMETRO_MINI_2 Pin=U1-15
Added Net: Name=NetMETRO_MINI_2
Added Net: Name=NetMETRO_MINI_6
Added Pin To Net: NetName=NetMETRO_MINI_11 Pin=U1-14
Added Net: Name=NetMETRO_MINI_11
Added Net: Name=NetMOSFET_R?_2
Added Pin To Net: NetName=NetON-OFF-SWITCH_1 Pin=U1-13
Added Net: Name=NetON-OFF-SWITCH_1
Added Pin To Net: NetName=NetON-OFF-SWITCH_2 Pin=POWER_1000C-EN
Added Net: Name=NetON-OFF-SWITCH_2
Added Class: Name=Slit_Lamp_Schematic
Added Room: Name=Slit_Lamp_Schematic
