Change Physical Footprint: Designator=A4988 Old Footprint=A4988 New Footprint=A4988
Change Physical Footprint: Designator=CUR_DRIVE_INPUT Old Footprint=SAMTEC SSW-102-03-T-S New Footprint=SAMTEC SSW-102-03-T-S
Change Physical Footprint: Designator=CUR_DRIVE_OUTPUT Old Footprint=SAMTEC SSW-102-03-T-S New Footprint=SAMTEC SSW-102-03-T-S
Change Physical Footprint: Designator=FOCUS_LED Old Footprint=SAMTEC SSW-102-03-T-S New Footprint=SAMTEC SSW-102-03-T-S
Change Physical Footprint: Designator=FOCUS_R Old Footprint=RES 0603_1608 RF New Footprint=RES 0603_1608 RF
Change Physical Footprint: Designator=L-SHUTTER Old Footprint=SAMTEC SSW-102-03-T-S New Footprint=SAMTEC SSW-102-03-T-S
Change Physical Footprint: Designator=LED_OUTPUT Old Footprint=SAMTEC SSW-102-03-T-S New Footprint=SAMTEC SSW-102-03-T-S
Change Physical Footprint: Designator=LIMIT_R Old Footprint=RES 0603_1608 New Footprint=RES 0603_1608
Change Physical Footprint: Designator=LIMIT_SWITCH Old Footprint=SAMTEC SSW-102-03-T-S New Footprint=SAMTEC SSW-102-03-T-S
Change Physical Footprint: Designator=METRO_MINI Old Footprint=ADAFRUIT_METRO_MINI New Footprint=ADAFRUIT_METRO_MINI
Change Physical Footprint: Designator=MOSFET_R Old Footprint=RES 0603_1608 New Footprint=RES 0603_1608
Change Physical Footprint: Designator=ON-OFF-SWITCH Old Footprint=SULLINS NPPN031BFCN New Footprint=SULLINS NPPN031BFCN
Change Physical Footprint: Designator=POT Old Footprint=SULLINS NPPN031BFCN New Footprint=SULLINS NPPN031BFCN
Change Physical Footprint: Designator=POWER_1000C Old Footprint=ADAFRUIT_POWER_BOOST_1000C New Footprint=ADAFRUIT_POWER_BOOST_1000C
Change Physical Footprint: Designator=Q Old Footprint=TO-252AA (MOSFET) New Footprint=TO-252AA (MOSFET)
Change Physical Footprint: Designator=R-SHUTTER Old Footprint=SAMTEC SSW-102-03-T-S New Footprint=SAMTEC SSW-102-03-T-S
Change Physical Footprint: Designator=RESET_BUT_R Old Footprint=RES 0603_1608 RF New Footprint=RES 0603_1608 RF
Change Physical Footprint: Designator=RESET_BUTTON Old Footprint=SAMTEC SSW-102-03-T-S New Footprint=SAMTEC SSW-102-03-T-S
Change Physical Footprint: Designator=SLIT_BUT_R Old Footprint=RES 0603_1608 New Footprint=RES 0603_1608
Change Physical Footprint: Designator=SLIT_BUTTON Old Footprint=SAMTEC SSW-102-03-T-S New Footprint=SAMTEC SSW-102-03-T-S
Change Physical Footprint: Designator=STEP_CAP Old Footprint=STEP_CAPACITOR New Footprint=Step_Capacitor
Change Physical Footprint: Designator=STEP_PINS Old Footprint=JST BM04B-SRSS-TB New Footprint=JST BM04B-SRSS-TB
Change Physical Footprint: Designator=U1 Old Footprint=D16-L New Footprint=D16-L
